<?xml version="1.0" encoding="UTF-8"?>
<testng-results ignored="0" total="2" passed="2" failed="0" skipped="0">
  <reporter-output>
    <line>
      <![CDATA[hello selenium]]>
    </line>
    <line>
      <![CDATA[hello java]]>
    </line>
  </reporter-output>
  <suite started-at="2021-04-01T09:06:21 IST" name="Suite" finished-at="2021-04-01T09:06:21 IST" duration-ms="210">
    <groups>
    </groups>
    <test started-at="2021-04-01T09:06:21 IST" name="Test" finished-at="2021-04-01T09:06:21 IST" duration-ms="210">
      <class name="demo123.Test0">
        <test-method signature="demo()[pri:0, instance:demo123.Test0@21b2e768]" started-at="2021-04-01T09:06:21 IST" name="demo" finished-at="2021-04-01T09:06:21 IST" duration-ms="6" status="PASS">
          <reporter-output>
            <line>
              <![CDATA[hello java]]>
            </line>
          </reporter-output>
        </test-method> <!-- demo -->
      </class> <!-- demo123.Test0 -->
      <class name="demo123.Test1">
        <test-method signature="demo()[pri:0, instance:demo123.Test1@6a03bcb1]" started-at="2021-04-01T09:06:21 IST" name="demo" finished-at="2021-04-01T09:06:21 IST" duration-ms="77" status="PASS">
          <reporter-output>
            <line>
              <![CDATA[hello selenium]]>
            </line>
          </reporter-output>
        </test-method> <!-- demo -->
      </class> <!-- demo123.Test1 -->
    </test> <!-- Test -->
  </suite> <!-- Suite -->
</testng-results>
